{"level":"error","message":"[PG QUERY ERROR] Connection terminated due to connection timeout","timestamp":"2025-07-19T08:06:19.907Z"}
{"level":"error","message":"[DEVICE SUMMARY ERROR] Internal Server Error","timestamp":"2025-07-19T08:06:19.908Z"}
{"level":"error","message":"[PG QUERY ERROR] Connection terminated due to connection timeout","timestamp":"2025-07-19T08:06:19.910Z"}
{"level":"error","message":"[DEVICE CONSUMPTION ERROR] Internal Server Error","timestamp":"2025-07-19T08:06:19.910Z"}
{"level":"error","message":"[PG QUERY ERROR] Connection terminated due to connection timeout","timestamp":"2025-07-19T08:06:19.911Z"}
{"level":"error","message":"[DATA FETCH ERROR] Internal Server Error","timestamp":"2025-07-19T08:06:19.911Z"}
{"level":"error","message":"[PG QUERY ERROR] Connection terminated due to connection timeout","timestamp":"2025-07-19T08:08:22.049Z"}
{"level":"error","message":"[CRON ERROR] ❌ Error: Internal Server Error\n    at Object.safeQuery [as query] (E:\\Senso-2\\senso-back\\config\\db.js:41:11)\n    at process.processTicksAndRejections (node:internal/process/task_queues:95:5)\n    at async E:\\Senso-2\\senso-back\\crons\\status.js:8:5\n    at async Timeout._onTimeout (E:\\Senso-2\\senso-back\\node_modules\\node-cron\\dist\\cjs\\scheduler\\runner.js:70:44)","timestamp":"2025-07-19T08:08:22.050Z"}
{"level":"error","message":"[PG QUERY ERROR] getaddrinfo ENOTFOUND data.senselive.in","timestamp":"2025-07-19T09:11:57.239Z"}
{"level":"error","message":"[CRON ERROR] ❌ Error: Internal Server Error\n    at Object.safeQuery [as query] (E:\\Senso-2\\senso-back\\config\\db.js:36:11)\n    at process.processTicksAndRejections (node:internal/process/task_queues:95:5)\n    at async E:\\Senso-2\\senso-back\\crons\\status.js:8:5\n    at async Timeout._onTimeout (E:\\Senso-2\\senso-back\\node_modules\\node-cron\\dist\\cjs\\scheduler\\runner.js:70:44)","timestamp":"2025-07-19T09:11:57.239Z"}
{"level":"error","message":"[PG QUERY ERROR] relation \"senso.device_calculation_config\" does not exist","timestamp":"2025-07-19T10:03:21.390Z"}
{"level":"error","message":"[DEVICE CALC CONFIG ERROR] Internal Server Error","timestamp":"2025-07-19T10:03:21.390Z"}
{"level":"error","message":"[PG QUERY ERROR] relation \"senso.device_calculation_config\" does not exist","timestamp":"2025-07-19T10:03:21.488Z"}
{"level":"error","message":"[DEVICE CALC CONFIG ERROR] Internal Server Error","timestamp":"2025-07-19T10:03:21.488Z"}
{"level":"error","message":"[PG QUERY ERROR] relation \"senso.device_calculation_config\" does not exist","timestamp":"2025-07-19T10:03:43.166Z"}
{"level":"error","message":"[DEVICE CALC CONFIG ERROR] Internal Server Error","timestamp":"2025-07-19T10:03:43.166Z"}
{"level":"error","message":"[PG QUERY ERROR] relation \"senso.device_calculation_config\" does not exist","timestamp":"2025-07-19T10:03:43.222Z"}
{"level":"error","message":"[DEVICE CALC CONFIG ERROR] Internal Server Error","timestamp":"2025-07-19T10:03:43.222Z"}
{"level":"error","message":"[PG QUERY ERROR] relation \"senso.device_calculation_config\" does not exist","timestamp":"2025-07-19T10:08:59.739Z"}
{"level":"error","message":"[DEVICE CALC CONFIG ERROR] Internal Server Error","timestamp":"2025-07-19T10:08:59.739Z"}
{"level":"error","message":"[PG QUERY ERROR] relation \"senso.device_calculation_config\" does not exist","timestamp":"2025-07-19T10:08:59.856Z"}
{"level":"error","message":"[DEVICE CALC CONFIG ERROR] Internal Server Error","timestamp":"2025-07-19T10:08:59.856Z"}
{"level":"error","message":"[PG QUERY ERROR] relation \"senso.device_calculation_config\" does not exist","timestamp":"2025-07-19T10:09:08.960Z"}
{"level":"error","message":"[DEVICE CALC CONFIG ERROR] Internal Server Error","timestamp":"2025-07-19T10:09:08.960Z"}
{"level":"error","message":"[PG QUERY ERROR] relation \"senso.device_calculation_config\" does not exist","timestamp":"2025-07-19T10:09:30.059Z"}
{"level":"error","message":"[DEVICE CALC CONFIG ERROR] Internal Server Error","timestamp":"2025-07-19T10:09:30.059Z"}
{"level":"error","message":"[PG QUERY ERROR] relation \"senso.device_calculation_config\" does not exist","timestamp":"2025-07-19T10:09:30.304Z"}
{"level":"error","message":"[DEVICE CALC CONFIG ERROR] Internal Server Error","timestamp":"2025-07-19T10:09:30.304Z"}
{"level":"error","message":"[PG QUERY ERROR] column c.device_uid does not exist","timestamp":"2025-07-21T05:47:30.654Z"}
{"level":"error","message":"[DEVICE FETCH ERROR] Internal Server Error","timestamp":"2025-07-21T05:47:30.654Z"}
{"level":"error","message":"[PG QUERY ERROR] invalid input syntax for type boolean: \"\"","timestamp":"2025-07-21T05:52:30.293Z"}
{"level":"error","message":"[DEVICE FETCH ERROR] Internal Server Error","timestamp":"2025-07-21T05:52:30.294Z"}
{"level":"error","message":"[PG QUERY ERROR] column \"device_uid\" does not exist","timestamp":"2025-07-21T06:17:59.978Z"}
{"level":"error","message":"[DEVICE CALC CONFIG ERROR] Internal Server Error","timestamp":"2025-07-21T06:17:59.978Z"}
{"level":"error","message":"[PG QUERY ERROR] column \"device_uid\" does not exist","timestamp":"2025-07-21T06:18:00.095Z"}
{"level":"error","message":"[DEVICE CALC CONFIG ERROR] Internal Server Error","timestamp":"2025-07-21T06:18:00.095Z"}
{"level":"error","message":"[PG QUERY ERROR] getaddrinfo ENOTFOUND data.senselive.in","timestamp":"2025-07-21T09:12:40.017Z"}
{"level":"error","message":"[CRON ERROR] ❌ Error: Internal Server Error\n    at Object.safeQuery [as query] (E:\\Senso-2\\senso-back\\config\\db.js:36:11)\n    at process.processTicksAndRejections (node:internal/process/task_queues:95:5)\n    at async E:\\Senso-2\\senso-back\\crons\\status.js:8:5\n    at async Timeout._onTimeout (E:\\Senso-2\\senso-back\\node_modules\\node-cron\\dist\\cjs\\scheduler\\runner.js:70:44)","timestamp":"2025-07-21T09:12:40.017Z"}
{"level":"error","message":"[UPDATE DEVICE ERROR] could not determine data type of parameter $6","timestamp":"2025-07-21T09:28:17.373Z"}
{"level":"error","message":"[UPDATE DEVICE ERROR] could not determine data type of parameter $6","timestamp":"2025-07-21T09:29:29.925Z"}
{"level":"error","message":"[UPDATE DEVICE ERROR] could not determine data type of parameter $6","timestamp":"2025-07-21T09:35:20.063Z"}
{"level":"error","message":"[PG QUERY ERROR] getaddrinfo ENOTFOUND data.senselive.in","timestamp":"2025-07-22T12:38:32.418Z"}
{"level":"error","message":"[LATEST TWO ENTRIES ERROR] Internal Server Error","timestamp":"2025-07-22T12:38:32.418Z"}
{"level":"error","message":"[PG QUERY ERROR] getaddrinfo ENOTFOUND data.senselive.in","timestamp":"2025-07-22T12:38:32.419Z"}
{"level":"error","message":"[DEVICE CONSUMPTION SUMMARY ERROR] Internal Server Error","timestamp":"2025-07-22T12:38:32.419Z"}
{"level":"error","message":"[PG QUERY ERROR] getaddrinfo ENOTFOUND data.senselive.in","timestamp":"2025-07-22T12:38:35.022Z"}
{"level":"error","message":"[CRON ERROR] ❌ Error: Internal Server Error\n    at Object.safeQuery [as query] (E:\\Senso-2\\senso-back\\config\\db.js:36:11)\n    at process.processTicksAndRejections (node:internal/process/task_queues:95:5)\n    at async E:\\Senso-2\\senso-back\\crons\\status.js:8:5\n    at async Timeout._onTimeout (E:\\Senso-2\\senso-back\\node_modules\\node-cron\\dist\\cjs\\scheduler\\runner.js:70:44)","timestamp":"2025-07-22T12:38:35.022Z"}
{"level":"error","message":"[PG QUERY ERROR] getaddrinfo ENOTFOUND data.senselive.in","timestamp":"2025-07-23T05:36:33.490Z"}
{"level":"error","message":"[LATEST TWO ENTRIES ERROR] Internal Server Error","timestamp":"2025-07-23T05:36:33.490Z"}
{"level":"error","message":"[PG QUERY ERROR] getaddrinfo ENOTFOUND data.senselive.in","timestamp":"2025-07-23T05:36:33.493Z"}
{"level":"error","message":"[DEVICE CONSUMPTION SUMMARY ERROR] Internal Server Error","timestamp":"2025-07-23T05:36:33.493Z"}
{"level":"error","message":"[PG QUERY ERROR] getaddrinfo ENOTFOUND data.senselive.in","timestamp":"2025-07-23T05:36:35.027Z"}
{"level":"error","message":"[CRON ERROR] ❌ Error: Internal Server Error\n    at Object.safeQuery [as query] (E:\\Senso-2\\senso-back\\config\\db.js:36:11)\n    at process.processTicksAndRejections (node:internal/process/task_queues:95:5)\n    at async E:\\Senso-2\\senso-back\\crons\\status.js:8:5\n    at async Timeout._onTimeout (E:\\Senso-2\\senso-back\\node_modules\\node-cron\\dist\\cjs\\scheduler\\runner.js:70:44)","timestamp":"2025-07-23T05:36:35.027Z"}
{"level":"error","message":"[PG QUERY ERROR] getaddrinfo ENOTFOUND data.senselive.in","timestamp":"2025-07-23T08:06:40.069Z"}
{"level":"error","message":"[CRON ERROR] ❌ Error: Internal Server Error\n    at Object.safeQuery [as query] (E:\\Senso-2\\senso-back\\config\\db.js:36:11)\n    at process.processTicksAndRejections (node:internal/process/task_queues:95:5)\n    at async E:\\Senso-2\\senso-back\\crons\\status.js:8:5\n    at async Timeout._onTimeout (E:\\Senso-2\\senso-back\\node_modules\\node-cron\\dist\\cjs\\scheduler\\runner.js:70:44)","timestamp":"2025-07-23T08:06:40.069Z"}
{"level":"error","message":"[PG QUERY ERROR] getaddrinfo ENOTFOUND data.senselive.in","timestamp":"2025-07-23T09:21:05.027Z"}
{"level":"error","message":"[CRON ERROR] ❌ Error: Internal Server Error\n    at Object.safeQuery [as query] (E:\\Senso-2\\senso-back\\config\\db.js:36:11)\n    at process.processTicksAndRejections (node:internal/process/task_queues:95:5)\n    at async E:\\Senso-2\\senso-back\\crons\\status.js:8:5\n    at async Timeout._onTimeout (E:\\Senso-2\\senso-back\\node_modules\\node-cron\\dist\\cjs\\scheduler\\runner.js:70:44)","timestamp":"2025-07-23T09:21:05.027Z"}
{"level":"error","message":"[PG QUERY ERROR] column n.interval_minutes does not exist","timestamp":"2025-07-24T07:02:47.069Z"}
{"level":"error","message":"[GET ALERTS ERROR] Internal Server Error","timestamp":"2025-07-24T07:02:47.069Z"}
